Using pre-set license
Built from '2020.3/staging' branch; Version is '2020.3.10f1 (297d780c91bc) revision 2719096'; Using compiler version '192528614'; Build Type 'Release'
OS: 'Windows 10 Pro; OS build 19042.985; Version 2009; 64bit' Language: 'en' Physical Memory: 8144 MB
BatchMode: 1, IsHumanControllingUs: 0, StartBugReporterOnCrash: 0, Is64bit: 1, IsPro: 0

 COMMAND LINE ARGUMENTS:
E:\Unity\Editor\2020.3.10f1\Editor\Unity.exe
-adb2
-batchMode
-noUpm
-name
AssetImportWorker0
-projectPath
E:/Unity/Project/FireAndIce/FireAndIce
-logFile
Logs/AssetImportWorker0.log
-srvPort
61263
Successfully changed project path to: E:/Unity/Project/FireAndIce/FireAndIce
E:/Unity/Project/FireAndIce/FireAndIce
Using Asset Import Pipeline V2.
Refreshing native plugins compatible for Editor in 49.96 ms, found 3 plugins.
Preloading 0 native plugins for Editor in 0.00 ms.
Initialize engine version: 2020.3.10f1 (297d780c91bc)
[Subsystems] Discovering subsystems at path E:/Unity/Editor/2020.3.10f1/Editor/Data/Resources/UnitySubsystems
[Subsystems] Discovering subsystems at path E:/Unity/Project/FireAndIce/FireAndIce/Assets
GfxDevice: creating device client; threaded=0
Direct3D:
    Version:  Direct3D 11.0 [level 11.1]
    Renderer: NVIDIA GeForce GTX 1050 Ti (ID=0x1c82)
    Vendor:   
    VRAM:     4018 MB
    Driver:   27.21.14.6647
Initialize mono
Mono path[0] = 'E:/Unity/Editor/2020.3.10f1/Editor/Data/Managed'
Mono path[1] = 'E:/Unity/Editor/2020.3.10f1/Editor/Data/MonoBleedingEdge/lib/mono/unityjit'
Mono config path = 'E:/Unity/Editor/2020.3.10f1/Editor/Data/MonoBleedingEdge/etc'
Using monoOptions --debugger-agent=transport=dt_socket,embedding=1,server=y,suspend=n,address=127.0.0.1:56328
Begin MonoManager ReloadAssembly
Registering precompiled unity dll's ...
Register platform support module: E:/Unity/Editor/2020.3.10f1/Editor/Data/PlaybackEngines/WindowsStandaloneSupport/UnityEditor.WindowsStandalone.Extensions.dll
Registered in 0.001411 seconds.
Native extension for WindowsStandalone target not found
Refreshing native plugins compatible for Editor in 49.32 ms, found 3 plugins.
Preloading 0 native plugins for Editor in 0.00 ms.
Mono: successfully reloaded assembly
- Completed reload, in  1.223 seconds
Platform modules already initialized, skipping
Registering precompiled user dll's ...
Registered in 0.003718 seconds.
Begin MonoManager ReloadAssembly
Native extension for WindowsStandalone target not found
Refreshing native plugins compatible for Editor in 48.42 ms, found 3 plugins.
Preloading 0 native plugins for Editor in 0.00 ms.
Mono: successfully reloaded assembly
- Completed reload, in  1.347 seconds
Platform modules already initialized, skipping
========================================================================
Worker process is ready to serve import requests
Launched and connected shader compiler UnityShaderCompiler.exe after 0.11 seconds
Refreshing native plugins compatible for Editor in 0.61 ms, found 3 plugins.
Preloading 0 native plugins for Editor in 0.00 ms.
Unloading 2079 Unused Serialized files (Serialized files now loaded: 0)
System memory in use before: 92.8 MB.
System memory in use after: 92.7 MB.

Unloading 33 unused Assets to reduce memory usage. Loaded Objects now: 2512.
Total: 3.066500 ms (FindLiveObjects: 0.344200 ms CreateObjectMapping: 0.060600 ms MarkObjects: 2.499900 ms  DeleteObjects: 0.159700 ms)

========================================================================
Received Import Request.
  path: Assets/Cainos/Pixel Art Platformer - Village Props
  artifactKey: Guid(1f08d781702466b438d35aa7938d8030) Importer(815301076,1909f56bfc062723c751e8b465ee728b)
Start importing Assets/Cainos/Pixel Art Platformer - Village Props using Guid(1f08d781702466b438d35aa7938d8030) Importer(815301076,1909f56bfc062723c751e8b465ee728b)  -> (artifact id: 'a0d0ee06777279a5df54c5441e1b0263') in 0.012287 seconds
  Import took 0.016168 seconds .

========================================================================
Received Import Request.
  Time since last request: 0.000249 seconds.
  path: Assets/Cainos/Pixel Art Platformer - Village Props/Prefab/PF FX Torch Fire.prefab
  artifactKey: Guid(4cfc0b96b77f5374a9242d6779dd65bf) Importer(815301076,1909f56bfc062723c751e8b465ee728b)
Start importing Assets/Cainos/Pixel Art Platformer - Village Props/Prefab/PF FX Torch Fire.prefab using Guid(4cfc0b96b77f5374a9242d6779dd65bf) Importer(815301076,1909f56bfc062723c751e8b465ee728b)  -> (artifact id: '1ce17f3f21fc55881a46c719f327a819') in 0.100216 seconds
  Import took 0.123595 seconds .

========================================================================
Received Import Request.
  Time since last request: 0.000231 seconds.
  path: Assets/Cainos/Pixel Art Platformer - Village Props/Prefab
  artifactKey: Guid(8d3b16bf124f65b49b22817d94a88022) Importer(815301076,1909f56bfc062723c751e8b465ee728b)
Start importing Assets/Cainos/Pixel Art Platformer - Village Props/Prefab using Guid(8d3b16bf124f65b49b22817d94a88022) Importer(815301076,1909f56bfc062723c751e8b465ee728b)  -> (artifact id: '82e70ed34c89e99aec06b4e494a2d95c') in 0.010575 seconds
  Import took 0.014511 seconds .

========================================================================
Received Import Request.
  Time since last request: 0.000205 seconds.
  path: Assets/Cainos/Pixel Art Platformer - Village Props/Prefab/PF FX Fire Bowl Fire.prefab
  artifactKey: Guid(69e62f89c9d82ba4085d34eeff6f57bc) Importer(815301076,1909f56bfc062723c751e8b465ee728b)
Start importing Assets/Cainos/Pixel Art Platformer - Village Props/Prefab/PF FX Fire Bowl Fire.prefab using Guid(69e62f89c9d82ba4085d34eeff6f57bc) Importer(815301076,1909f56bfc062723c751e8b465ee728b)  -> (artifact id: 'f6be8e04405d0af0aefeb92709d5aa3c') in 0.012218 seconds
  Import took 0.016735 seconds .

========================================================================
Received Import Request.
  Time since last request: 0.000252 seconds.
  path: Assets/Cainos
  artifactKey: Guid(3b21f09c3c8797941a1501c34317eb45) Importer(815301076,1909f56bfc062723c751e8b465ee728b)
Start importing Assets/Cainos using Guid(3b21f09c3c8797941a1501c34317eb45) Importer(815301076,1909f56bfc062723c751e8b465ee728b)  -> (artifact id: 'dc9d5ff4746328e172fca10258a636e8') in 0.008538 seconds
  Import took 0.012348 seconds .

========================================================================
Received Import Request.
  Time since last request: 0.000265 seconds.
  path: Assets/Cainos/Pixel Art Platformer - Village Props/Prefab/PF FX Campfire Fire.prefab
  artifactKey: Guid(2b206c0d2afb3604183d9210be1d84ce) Importer(815301076,1909f56bfc062723c751e8b465ee728b)
Start importing Assets/Cainos/Pixel Art Platformer - Village Props/Prefab/PF FX Campfire Fire.prefab using Guid(2b206c0d2afb3604183d9210be1d84ce) Importer(815301076,1909f56bfc062723c751e8b465ee728b)  -> (artifact id: 'c10249b2c63f130e987ea23e70906569') in 0.010177 seconds
  Import took 0.015185 seconds .

========================================================================
Received Import Request.
  Time since last request: 9.461160 seconds.
  path: Assets/Cainos/Pixel Art Platformer - Village Props/Texture
  artifactKey: Guid(4fb7661537e28884697bca33184bdaa0) Importer(815301076,1909f56bfc062723c751e8b465ee728b)
Start importing Assets/Cainos/Pixel Art Platformer - Village Props/Texture using Guid(4fb7661537e28884697bca33184bdaa0) Importer(815301076,1909f56bfc062723c751e8b465ee728b)  -> (artifact id: '49218b2e2a296db1cad4179661b2a9fb') in 0.009069 seconds
  Import took 0.013137 seconds .

========================================================================
Received Import Request.
  Time since last request: 0.063084 seconds.
  path: Assets/Cainos/Pixel Art Platformer - Village Props/Texture/TX Background Grid.png
  artifactKey: Guid(4525736a9d0538940bce8f13f1227b26) Importer(815301076,1909f56bfc062723c751e8b465ee728b)
Start importing Assets/Cainos/Pixel Art Platformer - Village Props/Texture/TX Background Grid.png using Guid(4525736a9d0538940bce8f13f1227b26) Importer(815301076,1909f56bfc062723c751e8b465ee728b)  -> (artifact id: 'f1356049b4987f1ab94b0ca3938456c5') in 0.284353 seconds
  Import took 0.288340 seconds .

========================================================================
Received Import Request.
  Time since last request: 0.000248 seconds.
  path: Assets/Cainos/Pixel Art Platformer - Village Props/Texture/TX Particle Flame.png
  artifactKey: Guid(cfcfd3af954eeb54cb041fe6d75a983b) Importer(815301076,1909f56bfc062723c751e8b465ee728b)
Start importing Assets/Cainos/Pixel Art Platformer - Village Props/Texture/TX Particle Flame.png using Guid(cfcfd3af954eeb54cb041fe6d75a983b) Importer(815301076,1909f56bfc062723c751e8b465ee728b)  -> (artifact id: '29e8cbfd73e5a2118f525430884e0f6a') in 0.023372 seconds
  Import took 0.027013 seconds .

========================================================================
Received Import Request.
  Time since last request: 0.000307 seconds.
  path: Assets/Cainos/Pixel Art Platformer - Village Props/Texture/TX Tileset Ground.png
  artifactKey: Guid(bb35af95735851440927571ef230221b) Importer(815301076,1909f56bfc062723c751e8b465ee728b)
Start importing Assets/Cainos/Pixel Art Platformer - Village Props/Texture/TX Tileset Ground.png using Guid(bb35af95735851440927571ef230221b) Importer(815301076,1909f56bfc062723c751e8b465ee728b)  -> (artifact id: '8bd5a3b5bd8129f3166c5aa0c662e09c') in 0.093368 seconds
  Import took 0.098294 seconds .

========================================================================
Received Import Request.
  Time since last request: 0.000278 seconds.
  path: Assets/Cainos/Pixel Art Platformer - Village Props/Texture/TX Village Props.png
  artifactKey: Guid(7810966f0f690954c87305933cabf2b0) Importer(815301076,1909f56bfc062723c751e8b465ee728b)
Start importing Assets/Cainos/Pixel Art Platformer - Village Props/Texture/TX Village Props.png using Guid(7810966f0f690954c87305933cabf2b0) Importer(815301076,1909f56bfc062723c751e8b465ee728b)  -> (artifact id: 'd6df726575e22f6b1de712bc2df7808e') in 0.391163 seconds
  Import took 0.395847 seconds .

========================================================================
Received Import Request.
  Time since last request: 0.000274 seconds.
  path: Assets/Cainos/Pixel Art Platformer - Village Props/Texture/TX Tileset Ground Darken.png
  artifactKey: Guid(157cbc340d2b7e64ab85168e80e95550) Importer(815301076,1909f56bfc062723c751e8b465ee728b)
Start importing Assets/Cainos/Pixel Art Platformer - Village Props/Texture/TX Tileset Ground Darken.png using Guid(157cbc340d2b7e64ab85168e80e95550) Importer(815301076,1909f56bfc062723c751e8b465ee728b)  -> (artifact id: 'dc2fab95ad34d74c9a64aeb484c286e1') in 0.099598 seconds
  Import took 0.103323 seconds .

========================================================================
Received Import Request.
  Time since last request: 1.713836 seconds.
  path: Assets/Cainos/Pixel Art Platformer - Village Props/Tileset Palette
  artifactKey: Guid(ffa1277bff802794d811d96630d14d9b) Importer(815301076,1909f56bfc062723c751e8b465ee728b)
Start importing Assets/Cainos/Pixel Art Platformer - Village Props/Tileset Palette using Guid(ffa1277bff802794d811d96630d14d9b) Importer(815301076,1909f56bfc062723c751e8b465ee728b)  -> (artifact id: '379f1605efef327cf181996540852f68') in 0.008127 seconds
  Import took 0.012167 seconds .

========================================================================
Received Import Request.
  Time since last request: 0.054152 seconds.
  path: Assets/Cainos/Pixel Art Platformer - Village Props/Tileset Palette/TP Ground Darken.prefab
  artifactKey: Guid(027db5ce1ff2f4142b49c3de3b59625a) Importer(815301076,1909f56bfc062723c751e8b465ee728b)
Start importing Assets/Cainos/Pixel Art Platformer - Village Props/Tileset Palette/TP Ground Darken.prefab using Guid(027db5ce1ff2f4142b49c3de3b59625a) Importer(815301076,1909f56bfc062723c751e8b465ee728b)  -> (artifact id: '5187fbea76d1824ab1541f57b0621368') in 0.009481 seconds
  Import took 0.013837 seconds .

========================================================================
Received Import Request.
  Time since last request: 0.000223 seconds.
  path: Assets/Cainos/Pixel Art Platformer - Village Props/Tileset Palette/TP Ground.prefab
  artifactKey: Guid(a657d1104ca50f54dac2bf8d3d8e9898) Importer(815301076,1909f56bfc062723c751e8b465ee728b)
Start importing Assets/Cainos/Pixel Art Platformer - Village Props/Tileset Palette/TP Ground.prefab using Guid(a657d1104ca50f54dac2bf8d3d8e9898) Importer(815301076,1909f56bfc062723c751e8b465ee728b)  -> (artifact id: '272407c83fca12ccde6a1a52333fd453') in 0.009823 seconds
  Import took 0.040242 seconds .

========================================================================
Received Import Request.
  Time since last request: 146.763712 seconds.
  path: Assets/Cainos/Pixel Art Platformer - Village Props/Tileset Palette/TP Ground
  artifactKey: Guid(caf1e9025fedeb146a034f570e543715) Importer(815301076,1909f56bfc062723c751e8b465ee728b)
Start importing Assets/Cainos/Pixel Art Platformer - Village Props/Tileset Palette/TP Ground using Guid(caf1e9025fedeb146a034f570e543715) Importer(815301076,1909f56bfc062723c751e8b465ee728b)  -> (artifact id: '0ae7fdae277e2b04a6a10ddf41083a22') in 0.002847 seconds
  Import took 0.007281 seconds .

========================================================================
Received Import Request.
  Time since last request: 0.055454 seconds.
  path: Assets/Cainos/Pixel Art Platformer - Village Props/Tileset Palette/TP Ground/TX Tileset Ground B.asset
  artifactKey: Guid(25ce9a13498f5034d90b660541eba074) Importer(815301076,1909f56bfc062723c751e8b465ee728b)
Start importing Assets/Cainos/Pixel Art Platformer - Village Props/Tileset Palette/TP Ground/TX Tileset Ground B.asset using Guid(25ce9a13498f5034d90b660541eba074) Importer(815301076,1909f56bfc062723c751e8b465ee728b)  -> (artifact id: 'd2ce0ec730fd5b1f3a83a6e3dc500ac4') in 0.055876 seconds
  Import took 0.059782 seconds .

========================================================================
Received Import Request.
  Time since last request: 0.000221 seconds.
  path: Assets/Cainos/Pixel Art Platformer - Village Props/Tileset Palette/TP Ground/TX Tileset Ground Slope X2 R 1.asset
  artifactKey: Guid(b5543555bddff714fadae184c827c837) Importer(815301076,1909f56bfc062723c751e8b465ee728b)
Start importing Assets/Cainos/Pixel Art Platformer - Village Props/Tileset Palette/TP Ground/TX Tileset Ground Slope X2 R 1.asset using Guid(b5543555bddff714fadae184c827c837) Importer(815301076,1909f56bfc062723c751e8b465ee728b)  -> (artifact id: 'cdf7de39d007992385e663158fed718e') in 0.012475 seconds
  Import took 0.036814 seconds .

========================================================================
Received Import Request.
  Time since last request: 0.000237 seconds.
  path: Assets/Cainos/Pixel Art Platformer - Village Props/Tileset Palette/TP Ground/TX Tileset Ground C BL.asset
  artifactKey: Guid(d1a3f08b763f71c41878c7f48d99cf7f) Importer(815301076,1909f56bfc062723c751e8b465ee728b)
Start importing Assets/Cainos/Pixel Art Platformer - Village Props/Tileset Palette/TP Ground/TX Tileset Ground C BL.asset using Guid(d1a3f08b763f71c41878c7f48d99cf7f) Importer(815301076,1909f56bfc062723c751e8b465ee728b)  -> (artifact id: 'c55654ee633dd08d127b1f9ec82bbf3b') in 0.012492 seconds
  Import took 0.015970 seconds .

========================================================================
Received Import Request.
  Time since last request: 0.000249 seconds.
  path: Assets/Cainos/Pixel Art Platformer - Village Props/Tileset Palette/TP Ground/TX Tileset Ground C T.asset
  artifactKey: Guid(821a11dc143a7944da1f805e8e1fc5ed) Importer(815301076,1909f56bfc062723c751e8b465ee728b)
Start importing Assets/Cainos/Pixel Art Platformer - Village Props/Tileset Palette/TP Ground/TX Tileset Ground C T.asset using Guid(821a11dc143a7944da1f805e8e1fc5ed) Importer(815301076,1909f56bfc062723c751e8b465ee728b)  -> (artifact id: '22631a476b88e907beb53a335e93e7c8') in 0.011571 seconds
  Import took 0.015191 seconds .

========================================================================
Received Import Request.
  Time since last request: 0.000372 seconds.
  path: Assets/Cainos/Pixel Art Platformer - Village Props/Tileset Palette/TP Ground/TX Tileset Ground TR.asset
  artifactKey: Guid(e76340169880b5b42a10453e0ab4cd43) Importer(815301076,1909f56bfc062723c751e8b465ee728b)
Start importing Assets/Cainos/Pixel Art Platformer - Village Props/Tileset Palette/TP Ground/TX Tileset Ground TR.asset using Guid(e76340169880b5b42a10453e0ab4cd43) Importer(815301076,1909f56bfc062723c751e8b465ee728b)  -> (artifact id: '777e9d45468ecb2e73643ed56a4d49e5') in 0.012799 seconds
  Import took 0.016949 seconds .

========================================================================
Received Import Request.
  Time since last request: 0.000261 seconds.
  path: Assets/Cainos/Pixel Art Platformer - Village Props/Tileset Palette/TP Ground/TX Tileset Ground Col T.asset
  artifactKey: Guid(23016360787fdf9498fe50cccaf084a6) Importer(815301076,1909f56bfc062723c751e8b465ee728b)
Start importing Assets/Cainos/Pixel Art Platformer - Village Props/Tileset Palette/TP Ground/TX Tileset Ground Col T.asset using Guid(23016360787fdf9498fe50cccaf084a6) Importer(815301076,1909f56bfc062723c751e8b465ee728b)  -> (artifact id: '8db4dfe946a575ec2ba1d56102303317') in 0.011923 seconds
  Import took 0.016197 seconds .

========================================================================
Received Import Request.
  Time since last request: 0.000215 seconds.
  path: Assets/Cainos/Pixel Art Platformer - Village Props/Tileset Palette/TP Ground/TX Tileset Ground Slope X2 L 1.asset
  artifactKey: Guid(4ff325d7d4c0c3a449a11a528f79e1ae) Importer(815301076,1909f56bfc062723c751e8b465ee728b)
Start importing Assets/Cainos/Pixel Art Platformer - Village Props/Tileset Palette/TP Ground/TX Tileset Ground Slope X2 L 1.asset using Guid(4ff325d7d4c0c3a449a11a528f79e1ae) Importer(815301076,1909f56bfc062723c751e8b465ee728b)  -> (artifact id: '58f7fcda6aafe2729f5251feb2a92472') in 0.013542 seconds
  Import took 0.017154 seconds .

========================================================================
Received Import Request.
  Time since last request: 0.000244 seconds.
  path: Assets/Cainos/Pixel Art Platformer - Village Props/Tileset Palette/TP Ground/TX Tileset Ground C R.asset
  artifactKey: Guid(e4e26a4dcb63e0e409c7e06fb8a6d0ce) Importer(815301076,1909f56bfc062723c751e8b465ee728b)
Start importing Assets/Cainos/Pixel Art Platformer - Village Props/Tileset Palette/TP Ground/TX Tileset Ground C R.asset using Guid(e4e26a4dcb63e0e409c7e06fb8a6d0ce) Importer(815301076,1909f56bfc062723c751e8b465ee728b)  -> (artifact id: 'ee6a1dde4815829ffa28e9e4b3b0aec2') in 0.013341 seconds
  Import took 0.024211 seconds .

========================================================================
Received Import Request.
  Time since last request: 0.000230 seconds.
  path: Assets/Cainos/Pixel Art Platformer - Village Props/Tileset Palette/TP Ground/TX Tileset Ground S.asset
  artifactKey: Guid(1a2538edf2f2e5b469886d3767030d5a) Importer(815301076,1909f56bfc062723c751e8b465ee728b)
Start importing Assets/Cainos/Pixel Art Platformer - Village Props/Tileset Palette/TP Ground/TX Tileset Ground S.asset using Guid(1a2538edf2f2e5b469886d3767030d5a) Importer(815301076,1909f56bfc062723c751e8b465ee728b)  -> (artifact id: '407bd316c3811057c1d8752ea6b4a3c8') in 0.011781 seconds
  Import took 0.015781 seconds .

========================================================================
Received Import Request.
  Time since last request: 0.000274 seconds.
  path: Assets/Cainos/Pixel Art Platformer - Village Props/Tileset Palette/TP Ground/TX Tileset Ground Slope X1 B R.asset
  artifactKey: Guid(889f794dd0469574696d81349e7adb7b) Importer(815301076,1909f56bfc062723c751e8b465ee728b)
Start importing Assets/Cainos/Pixel Art Platformer - Village Props/Tileset Palette/TP Ground/TX Tileset Ground Slope X1 B R.asset using Guid(889f794dd0469574696d81349e7adb7b) Importer(815301076,1909f56bfc062723c751e8b465ee728b)  -> (artifact id: 'aac20b6d884565b1dff335eccbbd24df') in 0.011289 seconds
  Import took 0.015580 seconds .

========================================================================
Received Import Request.
  Time since last request: 0.000238 seconds.
  path: Assets/Cainos/Pixel Art Platformer - Village Props/Tileset Palette/TP Ground/TX Tileset Ground Slope X1 B L.asset
  artifactKey: Guid(a8d140dcab9e09240bc22f9c65875fea) Importer(815301076,1909f56bfc062723c751e8b465ee728b)
Start importing Assets/Cainos/Pixel Art Platformer - Village Props/Tileset Palette/TP Ground/TX Tileset Ground Slope X1 B L.asset using Guid(a8d140dcab9e09240bc22f9c65875fea) Importer(815301076,1909f56bfc062723c751e8b465ee728b)  -> (artifact id: 'af7611a0c7488cae32ef8cb7096d420f') in 0.011293 seconds
  Import took 0.014844 seconds .

========================================================================
Received Import Request.
  Time since last request: 0.000369 seconds.
  path: Assets/Cainos/Pixel Art Platformer - Village Props/Tileset Palette/TP Ground/TX Tileset Ground Slope X1 T L.asset
  artifactKey: Guid(32c88552bdcfc4743a9c3e70b4ef834b) Importer(815301076,1909f56bfc062723c751e8b465ee728b)
Start importing Assets/Cainos/Pixel Art Platformer - Village Props/Tileset Palette/TP Ground/TX Tileset Ground Slope X1 T L.asset using Guid(32c88552bdcfc4743a9c3e70b4ef834b) Importer(815301076,1909f56bfc062723c751e8b465ee728b)  -> (artifact id: 'ca90c33a60eee738d10dbaf572121cd6') in 0.012782 seconds
  Import took 0.016700 seconds .

========================================================================
Received Import Request.
  Time since last request: 0.000435 seconds.
  path: Assets/Cainos/Pixel Art Platformer - Village Props/Tileset Palette/TP Ground/TX Tileset Ground Slope X2 R 2.asset
  artifactKey: Guid(36f3dcce3d109374b98d29d7e70bd1e0) Importer(815301076,1909f56bfc062723c751e8b465ee728b)
Start importing Assets/Cainos/Pixel Art Platformer - Village Props/Tileset Palette/TP Ground/TX Tileset Ground Slope X2 R 2.asset using Guid(36f3dcce3d109374b98d29d7e70bd1e0) Importer(815301076,1909f56bfc062723c751e8b465ee728b)  -> (artifact id: '16813227e386247a92b678dcb73c5488') in 0.013223 seconds
  Import took 0.017453 seconds .

========================================================================
Received Import Request.
  Time since last request: 0.000394 seconds.
  path: Assets/Cainos/Pixel Art Platformer - Village Props/Tileset Palette/TP Ground/TX Tileset Ground R.asset
  artifactKey: Guid(f01cbddac890cfa42aa6c212b984e142) Importer(815301076,1909f56bfc062723c751e8b465ee728b)
Start importing Assets/Cainos/Pixel Art Platformer - Village Props/Tileset Palette/TP Ground/TX Tileset Ground R.asset using Guid(f01cbddac890cfa42aa6c212b984e142) Importer(815301076,1909f56bfc062723c751e8b465ee728b)  -> (artifact id: '39e06b8dcdf8c46b2f6658ceee19d122') in 0.012022 seconds
  Import took 0.015932 seconds .

========================================================================
Received Import Request.
  Time since last request: 0.000264 seconds.
  path: Assets/Cainos/Pixel Art Platformer - Village Props/Tileset Palette/TP Ground/TX Tileset Ground Slope X2 L 2.asset
  artifactKey: Guid(33a663926ba799a4696b69c0055e971f) Importer(815301076,1909f56bfc062723c751e8b465ee728b)
Start importing Assets/Cainos/Pixel Art Platformer - Village Props/Tileset Palette/TP Ground/TX Tileset Ground Slope X2 L 2.asset using Guid(33a663926ba799a4696b69c0055e971f) Importer(815301076,1909f56bfc062723c751e8b465ee728b)  -> (artifact id: '119f3c1e575c098b9a7b8c370b409a62') in 0.013049 seconds
  Import took 0.017398 seconds .

========================================================================
Received Import Request.
  Time since last request: 0.000243 seconds.
  path: Assets/Cainos/Pixel Art Platformer - Village Props/Tileset Palette/TP Ground/TX Tileset Ground Col B.asset
  artifactKey: Guid(3170764fc96d1eb43ba4e482441afd0e) Importer(815301076,1909f56bfc062723c751e8b465ee728b)
Start importing Assets/Cainos/Pixel Art Platformer - Village Props/Tileset Palette/TP Ground/TX Tileset Ground Col B.asset using Guid(3170764fc96d1eb43ba4e482441afd0e) Importer(815301076,1909f56bfc062723c751e8b465ee728b)  -> (artifact id: 'e275479cc5e8ed5d9d1305a1d1356ca5') in 0.013118 seconds
  Import took 0.016969 seconds .

========================================================================
Received Import Request.
  Time since last request: 0.000262 seconds.
  path: Assets/Cainos/Pixel Art Platformer - Village Props/Tileset Palette/TP Ground/TX Tileset Ground Slope X2 L 4.asset
  artifactKey: Guid(e9d18e887a8ced54ab184af2558c0abb) Importer(815301076,1909f56bfc062723c751e8b465ee728b)
Start importing Assets/Cainos/Pixel Art Platformer - Village Props/Tileset Palette/TP Ground/TX Tileset Ground Slope X2 L 4.asset using Guid(e9d18e887a8ced54ab184af2558c0abb) Importer(815301076,1909f56bfc062723c751e8b465ee728b)  -> (artifact id: '291fee35f31883e11da8af64aeb059be') in 0.011998 seconds
  Import took 0.015773 seconds .

========================================================================
Received Import Request.
  Time since last request: 0.000227 seconds.
  path: Assets/Cainos/Pixel Art Platformer - Village Props/Tileset Palette/TP Ground/TX Tileset Ground Slope X2 R 3.asset
  artifactKey: Guid(9c28e4854f1bac1488f3ee854aab4eb9) Importer(815301076,1909f56bfc062723c751e8b465ee728b)
Start importing Assets/Cainos/Pixel Art Platformer - Village Props/Tileset Palette/TP Ground/TX Tileset Ground Slope X2 R 3.asset using Guid(9c28e4854f1bac1488f3ee854aab4eb9) Importer(815301076,1909f56bfc062723c751e8b465ee728b)  -> (artifact id: 'b5584dc7f8afa3f4c7cbb4c21b21bcde') in 0.011193 seconds
  Import took 0.015124 seconds .

========================================================================
Received Import Request.
  Time since last request: 0.000237 seconds.
  path: Assets/Cainos/Pixel Art Platformer - Village Props/Tileset Palette/TP Ground/TX Tileset Ground L.asset
  artifactKey: Guid(e036b1f5dcb580a46a17ade4ad4e7a09) Importer(815301076,1909f56bfc062723c751e8b465ee728b)
Start importing Assets/Cainos/Pixel Art Platformer - Village Props/Tileset Palette/TP Ground/TX Tileset Ground L.asset using Guid(e036b1f5dcb580a46a17ade4ad4e7a09) Importer(815301076,1909f56bfc062723c751e8b465ee728b)  -> (artifact id: '60cb170a14c249bbf47da2054e260c38') in 0.011860 seconds
  Import took 0.019276 seconds .

========================================================================
Received Import Request.
  Time since last request: 0.000342 seconds.
  path: Assets/Cainos/Pixel Art Platformer - Village Props/Tileset Palette/TP Ground/TX Tileset Ground TL.asset
  artifactKey: Guid(b29a2a3bb5fb6a84e8a4f76cb0ce41fb) Importer(815301076,1909f56bfc062723c751e8b465ee728b)
Start importing Assets/Cainos/Pixel Art Platformer - Village Props/Tileset Palette/TP Ground/TX Tileset Ground TL.asset using Guid(b29a2a3bb5fb6a84e8a4f76cb0ce41fb) Importer(815301076,1909f56bfc062723c751e8b465ee728b)  -> (artifact id: '92c46e41445258104b6cc201ab418525') in 0.011356 seconds
  Import took 0.015406 seconds .

========================================================================
Received Import Request.
  Time since last request: 0.000261 seconds.
  path: Assets/Cainos/Pixel Art Platformer - Village Props/Tileset Palette/TP Ground/TX Tileset Ground M.asset
  artifactKey: Guid(475f07e43f745b249a4f96f460c1ecfe) Importer(815301076,1909f56bfc062723c751e8b465ee728b)
Start importing Assets/Cainos/Pixel Art Platformer - Village Props/Tileset Palette/TP Ground/TX Tileset Ground M.asset using Guid(475f07e43f745b249a4f96f460c1ecfe) Importer(815301076,1909f56bfc062723c751e8b465ee728b)  -> (artifact id: '289ad9636b3dca38bf43fd9f1c3081d8') in 0.012207 seconds
  Import took 0.016245 seconds .

========================================================================
Received Import Request.
  Time since last request: 0.000225 seconds.
  path: Assets/Cainos/Pixel Art Platformer - Village Props/Tileset Palette/TP Ground/TX Tileset Ground C L.asset
  artifactKey: Guid(ac6e1ed9cbe751440877d4dbd6dd9f5e) Importer(815301076,1909f56bfc062723c751e8b465ee728b)
Start importing Assets/Cainos/Pixel Art Platformer - Village Props/Tileset Palette/TP Ground/TX Tileset Ground C L.asset using Guid(ac6e1ed9cbe751440877d4dbd6dd9f5e) Importer(815301076,1909f56bfc062723c751e8b465ee728b)  -> (artifact id: '99e25c26016073c527df0dcb5fc8c05c') in 0.012229 seconds
  Import took 0.016386 seconds .

========================================================================
Received Import Request.
  Time since last request: 0.000238 seconds.
  path: Assets/Cainos/Pixel Art Platformer - Village Props/Tileset Palette/TP Ground/TX Tileset Ground Slope X1 T R.asset
  artifactKey: Guid(b2c72b8fcd469d145a815c3a13e0a167) Importer(815301076,1909f56bfc062723c751e8b465ee728b)
Start importing Assets/Cainos/Pixel Art Platformer - Village Props/Tileset Palette/TP Ground/TX Tileset Ground Slope X1 T R.asset using Guid(b2c72b8fcd469d145a815c3a13e0a167) Importer(815301076,1909f56bfc062723c751e8b465ee728b)  -> (artifact id: '9a050675d2aeffe93d10ef2f27e9baf6') in 0.010265 seconds
  Import took 0.014434 seconds .

========================================================================
Received Import Request.
  Time since last request: 0.000328 seconds.
  path: Assets/Cainos/Pixel Art Platformer - Village Props/Tileset Palette/TP Ground/TX Tileset Ground Col M.asset
  artifactKey: Guid(8dde3af91db8a09499a4868b49f69fb8) Importer(815301076,1909f56bfc062723c751e8b465ee728b)
Start importing Assets/Cainos/Pixel Art Platformer - Village Props/Tileset Palette/TP Ground/TX Tileset Ground Col M.asset using Guid(8dde3af91db8a09499a4868b49f69fb8) Importer(815301076,1909f56bfc062723c751e8b465ee728b)  -> (artifact id: 'f19083cfb1dc404a66f4b621dd425005') in 0.013794 seconds
  Import took 0.018462 seconds .

========================================================================
Received Import Request.
  Time since last request: 0.000238 seconds.
  path: Assets/Cainos/Pixel Art Platformer - Village Props/Tileset Palette/TP Ground/TX Tileset Ground Row R.asset
  artifactKey: Guid(ffb4af781936b4245bf6a4f7f55af546) Importer(815301076,1909f56bfc062723c751e8b465ee728b)
Start importing Assets/Cainos/Pixel Art Platformer - Village Props/Tileset Palette/TP Ground/TX Tileset Ground Row R.asset using Guid(ffb4af781936b4245bf6a4f7f55af546) Importer(815301076,1909f56bfc062723c751e8b465ee728b)  -> (artifact id: 'bddd160a8902208f194397674a20262c') in 0.011987 seconds
  Import took 0.016147 seconds .

========================================================================
Received Import Request.
  Time since last request: 0.000221 seconds.
  path: Assets/Cainos/Pixel Art Platformer - Village Props/Tileset Palette/TP Ground/TX Tileset Ground Row L.asset
  artifactKey: Guid(6a9954ef9f7c5c549bf4eea7af489122) Importer(815301076,1909f56bfc062723c751e8b465ee728b)
Start importing Assets/Cainos/Pixel Art Platformer - Village Props/Tileset Palette/TP Ground/TX Tileset Ground Row L.asset using Guid(6a9954ef9f7c5c549bf4eea7af489122) Importer(815301076,1909f56bfc062723c751e8b465ee728b)  -> (artifact id: 'f59784feaa2d08a82e2726c1f32ec783') in 0.013029 seconds
  Import took 0.017232 seconds .

========================================================================
Received Import Request.
  Time since last request: 0.000281 seconds.
  path: Assets/Cainos/Pixel Art Platformer - Village Props/Tileset Palette/TP Ground/TX Tileset Ground C TL.asset
  artifactKey: Guid(5d73536772cde8f45a37c0674ac7cae1) Importer(815301076,1909f56bfc062723c751e8b465ee728b)
Start importing Assets/Cainos/Pixel Art Platformer - Village Props/Tileset Palette/TP Ground/TX Tileset Ground C TL.asset using Guid(5d73536772cde8f45a37c0674ac7cae1) Importer(815301076,1909f56bfc062723c751e8b465ee728b)  -> (artifact id: '604e859150262ef2aab5cf415e3122ec') in 0.012837 seconds
  Import took 0.016615 seconds .

========================================================================
Received Import Request.
  Time since last request: 0.000283 seconds.
  path: Assets/Cainos/Pixel Art Platformer - Village Props/Tileset Palette/TP Ground/TX Tileset Ground Slope X2 L 3.asset
  artifactKey: Guid(9af2aa58406a5c24cb264f21aed6a296) Importer(815301076,1909f56bfc062723c751e8b465ee728b)
Start importing Assets/Cainos/Pixel Art Platformer - Village Props/Tileset Palette/TP Ground/TX Tileset Ground Slope X2 L 3.asset using Guid(9af2aa58406a5c24cb264f21aed6a296) Importer(815301076,1909f56bfc062723c751e8b465ee728b)  -> (artifact id: '7468cf57802ff0ef52acd76a9f1f9890') in 0.012333 seconds
  Import took 0.016197 seconds .

========================================================================
Received Import Request.
  Time since last request: 0.000254 seconds.
  path: Assets/Cainos/Pixel Art Platformer - Village Props/Tileset Palette/TP Ground/TX Tileset Ground Row M.asset
  artifactKey: Guid(9fbd6d8a5f77cba48bb729821c4bbed2) Importer(815301076,1909f56bfc062723c751e8b465ee728b)
Start importing Assets/Cainos/Pixel Art Platformer - Village Props/Tileset Palette/TP Ground/TX Tileset Ground Row M.asset using Guid(9fbd6d8a5f77cba48bb729821c4bbed2) Importer(815301076,1909f56bfc062723c751e8b465ee728b)  -> (artifact id: '9b694005cb6ed0c2b48e2d75a73ee90c') in 0.012080 seconds
  Import took 0.016216 seconds .

========================================================================
Received Import Request.
  Time since last request: 0.000236 seconds.
  path: Assets/Cainos/Pixel Art Platformer - Village Props/Tileset Palette/TP Ground/TX Tileset Ground C TR.asset
  artifactKey: Guid(253d4152c225c644ea5d1b32cf3f501a) Importer(815301076,1909f56bfc062723c751e8b465ee728b)
Start importing Assets/Cainos/Pixel Art Platformer - Village Props/Tileset Palette/TP Ground/TX Tileset Ground C TR.asset using Guid(253d4152c225c644ea5d1b32cf3f501a) Importer(815301076,1909f56bfc062723c751e8b465ee728b)  -> (artifact id: '7040413fba7d6b020b503191433e9a63') in 0.011881 seconds
  Import took 0.015833 seconds .

========================================================================
Received Import Request.
  Time since last request: 0.000197 seconds.
  path: Assets/Cainos/Pixel Art Platformer - Village Props/Tileset Palette/TP Ground/TX Tileset Ground C B.asset
  artifactKey: Guid(a12e0fc7b35ceda4ca24260094ffa517) Importer(815301076,1909f56bfc062723c751e8b465ee728b)
Start importing Assets/Cainos/Pixel Art Platformer - Village Props/Tileset Palette/TP Ground/TX Tileset Ground C B.asset using Guid(a12e0fc7b35ceda4ca24260094ffa517) Importer(815301076,1909f56bfc062723c751e8b465ee728b)  -> (artifact id: 'f51b8da7599d6aefe6164a070ef36221') in 0.012195 seconds
  Import took 0.016634 seconds .

========================================================================
Received Import Request.
  Time since last request: 0.000259 seconds.
  path: Assets/Cainos/Pixel Art Platformer - Village Props/Tileset Palette/TP Ground/TX Tileset Ground Slope X2 R 4.asset
  artifactKey: Guid(c0dbb92be68757e4e838953d64d65ccd) Importer(815301076,1909f56bfc062723c751e8b465ee728b)
Start importing Assets/Cainos/Pixel Art Platformer - Village Props/Tileset Palette/TP Ground/TX Tileset Ground Slope X2 R 4.asset using Guid(c0dbb92be68757e4e838953d64d65ccd) Importer(815301076,1909f56bfc062723c751e8b465ee728b)  -> (artifact id: '31fbe58f09dd57b3e850faf9a692c095') in 0.011838 seconds
  Import took 0.016510 seconds .

========================================================================
Received Import Request.
  Time since last request: 0.000237 seconds.
  path: Assets/Cainos/Pixel Art Platformer - Village Props/Tileset Palette/TP Ground/TX Tileset Ground T.asset
  artifactKey: Guid(d26337cf2fc3dff4d9bed217dcb6f6a9) Importer(815301076,1909f56bfc062723c751e8b465ee728b)
Start importing Assets/Cainos/Pixel Art Platformer - Village Props/Tileset Palette/TP Ground/TX Tileset Ground T.asset using Guid(d26337cf2fc3dff4d9bed217dcb6f6a9) Importer(815301076,1909f56bfc062723c751e8b465ee728b)  -> (artifact id: '4ba382907d711d73a33ecc18058bdd20') in 0.013508 seconds
  Import took 0.017614 seconds .

========================================================================
Received Import Request.
  Time since last request: 0.000270 seconds.
  path: Assets/Cainos/Pixel Art Platformer - Village Props/Tileset Palette/TP Ground/TX Tileset Ground BL.asset
  artifactKey: Guid(32a6fea2c53553c4b953b00d95bfe847) Importer(815301076,1909f56bfc062723c751e8b465ee728b)
Start importing Assets/Cainos/Pixel Art Platformer - Village Props/Tileset Palette/TP Ground/TX Tileset Ground BL.asset using Guid(32a6fea2c53553c4b953b00d95bfe847) Importer(815301076,1909f56bfc062723c751e8b465ee728b)  -> (artifact id: '1defa1f91f42d64d9eb9bfb0b41a64ae') in 0.012013 seconds
  Import took 0.016243 seconds .

========================================================================
Received Import Request.
  Time since last request: 0.000254 seconds.
  path: Assets/Cainos/Pixel Art Platformer - Village Props/Tileset Palette/TP Ground/TX Tileset Ground BR.asset
  artifactKey: Guid(0171cba05c9b2b045bc0cc09fdcd8a64) Importer(815301076,1909f56bfc062723c751e8b465ee728b)
Start importing Assets/Cainos/Pixel Art Platformer - Village Props/Tileset Palette/TP Ground/TX Tileset Ground BR.asset using Guid(0171cba05c9b2b045bc0cc09fdcd8a64) Importer(815301076,1909f56bfc062723c751e8b465ee728b)  -> (artifact id: '39a56a6f2957eb0e0bc1a7d51f04b07c') in 0.012919 seconds
  Import took 0.016864 seconds .

========================================================================
Received Import Request.
  Time since last request: 0.000225 seconds.
  path: Assets/Cainos/Pixel Art Platformer - Village Props/Tileset Palette/TP Ground/TX Tileset Ground C BR.asset
  artifactKey: Guid(e740e60be819ac94c883dceb2922e6f1) Importer(815301076,1909f56bfc062723c751e8b465ee728b)
Start importing Assets/Cainos/Pixel Art Platformer - Village Props/Tileset Palette/TP Ground/TX Tileset Ground C BR.asset using Guid(e740e60be819ac94c883dceb2922e6f1) Importer(815301076,1909f56bfc062723c751e8b465ee728b)  -> (artifact id: 'e2c31dc83d0b93a55fcaa1b3ffab7229') in 0.011733 seconds
  Import took 0.016054 seconds .

========================================================================
Received Import Request.
  Time since last request: 2.912886 seconds.
  path: Assets/Cainos/Pixel Art Platformer - Village Props/Tileset Palette/TP Ground Darken
  artifactKey: Guid(0342b4881245d184c837b80b9af11220) Importer(815301076,1909f56bfc062723c751e8b465ee728b)
Start importing Assets/Cainos/Pixel Art Platformer - Village Props/Tileset Palette/TP Ground Darken using Guid(0342b4881245d184c837b80b9af11220) Importer(815301076,1909f56bfc062723c751e8b465ee728b)  -> (artifact id: 'c26f02c88319c5a258bdfe17bb405e93') in 0.002597 seconds
  Import took 0.006825 seconds .

========================================================================
Received Import Request.
  Time since last request: 0.071933 seconds.
  path: Assets/Cainos/Pixel Art Platformer - Village Props/Tileset Palette/TP Ground Darken/TX Tileset Ground Darken B.asset
  artifactKey: Guid(04703ecd71c459d40b639601f104c141) Importer(815301076,1909f56bfc062723c751e8b465ee728b)
Start importing Assets/Cainos/Pixel Art Platformer - Village Props/Tileset Palette/TP Ground Darken/TX Tileset Ground Darken B.asset using Guid(04703ecd71c459d40b639601f104c141) Importer(815301076,1909f56bfc062723c751e8b465ee728b)  -> (artifact id: '45b43c51bfdd1288cbacb318d6ab1844') in 0.014135 seconds
  Import took 0.018061 seconds .

========================================================================
Received Import Request.
  Time since last request: 0.000204 seconds.
  path: Assets/Cainos/Pixel Art Platformer - Village Props/Tileset Palette/TP Ground Darken/TX Tileset Ground Darken BR.asset
  artifactKey: Guid(b9ddae269c2e465418c05f95e0a00a54) Importer(815301076,1909f56bfc062723c751e8b465ee728b)
Start importing Assets/Cainos/Pixel Art Platformer - Village Props/Tileset Palette/TP Ground Darken/TX Tileset Ground Darken BR.asset using Guid(b9ddae269c2e465418c05f95e0a00a54) Importer(815301076,1909f56bfc062723c751e8b465ee728b)  -> (artifact id: '81f9639fdcf84f6713fbfb6c66a27fbe') in 0.013826 seconds
  Import took 0.017461 seconds .

========================================================================
Received Import Request.
  Time since last request: 0.000204 seconds.
  path: Assets/Cainos/Pixel Art Platformer - Village Props/Tileset Palette/TP Ground Darken/TX Tileset Ground Darken Row M.asset
  artifactKey: Guid(3d362e8338b3811489ce6689782cde87) Importer(815301076,1909f56bfc062723c751e8b465ee728b)
Start importing Assets/Cainos/Pixel Art Platformer - Village Props/Tileset Palette/TP Ground Darken/TX Tileset Ground Darken Row M.asset using Guid(3d362e8338b3811489ce6689782cde87) Importer(815301076,1909f56bfc062723c751e8b465ee728b)  -> (artifact id: 'abe28ae164b25e8b842565d69f10b73c') in 0.013404 seconds
  Import took 0.021811 seconds .

========================================================================
Received Import Request.
  Time since last request: 0.000251 seconds.
  path: Assets/Cainos/Pixel Art Platformer - Village Props/Tileset Palette/TP Ground Darken/TX Tileset Ground Darken T.asset
  artifactKey: Guid(129b8d44277e04a4da2aaaef6c4fb58e) Importer(815301076,1909f56bfc062723c751e8b465ee728b)
Start importing Assets/Cainos/Pixel Art Platformer - Village Props/Tileset Palette/TP Ground Darken/TX Tileset Ground Darken T.asset using Guid(129b8d44277e04a4da2aaaef6c4fb58e) Importer(815301076,1909f56bfc062723c751e8b465ee728b)  -> (artifact id: '65c3ae20a0e401f5f075cce2223cab1f') in 0.012378 seconds
  Import took 0.020533 seconds .

========================================================================
Received Import Request.
  Time since last request: 0.000222 seconds.
  path: Assets/Cainos/Pixel Art Platformer - Village Props/Tileset Palette/TP Ground Darken/TX Tileset Ground Darken Slope X2 R 4.asset
  artifactKey: Guid(8bd0fa5ad4c00df44b3a21e5a40ead35) Importer(815301076,1909f56bfc062723c751e8b465ee728b)
Start importing Assets/Cainos/Pixel Art Platformer - Village Props/Tileset Palette/TP Ground Darken/TX Tileset Ground Darken Slope X2 R 4.asset using Guid(8bd0fa5ad4c00df44b3a21e5a40ead35) Importer(815301076,1909f56bfc062723c751e8b465ee728b)  -> (artifact id: '558fda193ba19b85ae8d03a2742dbaa0') in 0.014135 seconds
  Import took 0.018070 seconds .

========================================================================
Received Import Request.
  Time since last request: 0.000265 seconds.
  path: Assets/Cainos/Pixel Art Platformer - Village Props/Tileset Palette/TP Ground Darken/TX Tileset Ground Darken Row R.asset
  artifactKey: Guid(78583234e7a00984788481c8927df2cc) Importer(815301076,1909f56bfc062723c751e8b465ee728b)
Start importing Assets/Cainos/Pixel Art Platformer - Village Props/Tileset Palette/TP Ground Darken/TX Tileset Ground Darken Row R.asset using Guid(78583234e7a00984788481c8927df2cc) Importer(815301076,1909f56bfc062723c751e8b465ee728b)  -> (artifact id: '688efd9f871ee7768bb62db4cb03e493') in 0.012971 seconds
  Import took 0.022462 seconds .

========================================================================
Received Import Request.
  Time since last request: 0.000276 seconds.
  path: Assets/Cainos/Pixel Art Platformer - Village Props/Tileset Palette/TP Ground Darken/TX Tileset Ground Darken Slope X1 R T.asset
  artifactKey: Guid(01efbecf7f976bd4e843c7596abff477) Importer(815301076,1909f56bfc062723c751e8b465ee728b)
Start importing Assets/Cainos/Pixel Art Platformer - Village Props/Tileset Palette/TP Ground Darken/TX Tileset Ground Darken Slope X1 R T.asset using Guid(01efbecf7f976bd4e843c7596abff477) Importer(815301076,1909f56bfc062723c751e8b465ee728b)  -> (artifact id: '1ad5b960471f0eead346aa9227ac1485') in 0.013116 seconds
  Import took 0.029260 seconds .

========================================================================
Received Import Request.
  Time since last request: 0.000195 seconds.
  path: Assets/Cainos/Pixel Art Platformer - Village Props/Tileset Palette/TP Ground Darken/TX Tileset Ground Darken Col M.asset
  artifactKey: Guid(4f6684df7d869c347b9b3fe1c2c0a922) Importer(815301076,1909f56bfc062723c751e8b465ee728b)
Start importing Assets/Cainos/Pixel Art Platformer - Village Props/Tileset Palette/TP Ground Darken/TX Tileset Ground Darken Col M.asset using Guid(4f6684df7d869c347b9b3fe1c2c0a922) Importer(815301076,1909f56bfc062723c751e8b465ee728b)  -> (artifact id: 'd1b8d6d3c66ad216617e67bb356018cd') in 0.017177 seconds
  Import took 0.021363 seconds .

========================================================================
Received Import Request.
  Time since last request: 0.000292 seconds.
  path: Assets/Cainos/Pixel Art Platformer - Village Props/Tileset Palette/TP Ground Darken/TX Tileset Ground Darken TL.asset
  artifactKey: Guid(986ccee9a7cef0d408ccc4216da61ed1) Importer(815301076,1909f56bfc062723c751e8b465ee728b)
Start importing Assets/Cainos/Pixel Art Platformer - Village Props/Tileset Palette/TP Ground Darken/TX Tileset Ground Darken TL.asset using Guid(986ccee9a7cef0d408ccc4216da61ed1) Importer(815301076,1909f56bfc062723c751e8b465ee728b)  -> (artifact id: '38c186193daacb392e3a85ba10d5a2f2') in 0.011274 seconds
  Import took 0.015915 seconds .

========================================================================
Received Import Request.
  Time since last request: 0.000299 seconds.
  path: Assets/Cainos/Pixel Art Platformer - Village Props/Tileset Palette/TP Ground Darken/TX Tileset Ground Darken C T.asset
  artifactKey: Guid(9e4f4955b20ae3743891a92c391e1e07) Importer(815301076,1909f56bfc062723c751e8b465ee728b)
Start importing Assets/Cainos/Pixel Art Platformer - Village Props/Tileset Palette/TP Ground Darken/TX Tileset Ground Darken C T.asset using Guid(9e4f4955b20ae3743891a92c391e1e07) Importer(815301076,1909f56bfc062723c751e8b465ee728b)  -> (artifact id: '8fbcf45d6d3b726e3c101a5ed4c89110') in 0.011798 seconds
  Import took 0.015991 seconds .

========================================================================
Received Import Request.
  Time since last request: 0.000263 seconds.
  path: Assets/Cainos/Pixel Art Platformer - Village Props/Tileset Palette/TP Ground Darken/TX Tileset Ground Darken Slope X1 L B.asset
  artifactKey: Guid(c5cc3a278e8f83449a6d275c25b6ecd4) Importer(815301076,1909f56bfc062723c751e8b465ee728b)
Start importing Assets/Cainos/Pixel Art Platformer - Village Props/Tileset Palette/TP Ground Darken/TX Tileset Ground Darken Slope X1 L B.asset using Guid(c5cc3a278e8f83449a6d275c25b6ecd4) Importer(815301076,1909f56bfc062723c751e8b465ee728b)  -> (artifact id: '57179b7fc158a9952cb72e7d37f5c257') in 0.013893 seconds
  Import took 0.018113 seconds .

========================================================================
Received Import Request.
  Time since last request: 0.000279 seconds.
  path: Assets/Cainos/Pixel Art Platformer - Village Props/Tileset Palette/TP Ground Darken/TX Tileset Ground Darken C B.asset
  artifactKey: Guid(a1995557339b40048af5968ac1a8ceef) Importer(815301076,1909f56bfc062723c751e8b465ee728b)
Start importing Assets/Cainos/Pixel Art Platformer - Village Props/Tileset Palette/TP Ground Darken/TX Tileset Ground Darken C B.asset using Guid(a1995557339b40048af5968ac1a8ceef) Importer(815301076,1909f56bfc062723c751e8b465ee728b)  -> (artifact id: '8312d72d9c793881fb868bf2c4d56d7a') in 0.013072 seconds
  Import took 0.017256 seconds .

========================================================================
Received Import Request.
  Time since last request: 0.000229 seconds.
  path: Assets/Cainos/Pixel Art Platformer - Village Props/Tileset Palette/TP Ground Darken/TX Tileset Ground Darken M.asset
  artifactKey: Guid(2d016263d32ddfd4daf46c0ddeeeaa2d) Importer(815301076,1909f56bfc062723c751e8b465ee728b)
Start importing Assets/Cainos/Pixel Art Platformer - Village Props/Tileset Palette/TP Ground Darken/TX Tileset Ground Darken M.asset using Guid(2d016263d32ddfd4daf46c0ddeeeaa2d) Importer(815301076,1909f56bfc062723c751e8b465ee728b)  -> (artifact id: '4db0ea86eb2c22de3e54cfd428b8096f') in 0.014760 seconds
  Import took 0.035842 seconds .

========================================================================
Received Import Request.
  Time since last request: 0.000277 seconds.
  path: Assets/Cainos/Pixel Art Platformer - Village Props/Tileset Palette/TP Ground Darken/TX Tileset Ground Darken Row L.asset
  artifactKey: Guid(1f37ec1bd73d7344b8b72ec59262c115) Importer(815301076,1909f56bfc062723c751e8b465ee728b)
Start importing Assets/Cainos/Pixel Art Platformer - Village Props/Tileset Palette/TP Ground Darken/TX Tileset Ground Darken Row L.asset using Guid(1f37ec1bd73d7344b8b72ec59262c115) Importer(815301076,1909f56bfc062723c751e8b465ee728b)  -> (artifact id: '2a875dd315370a1d321f81e9bb5e1c59') in 0.013464 seconds
  Import took 0.017462 seconds .

========================================================================
Received Import Request.
  Time since last request: 0.000197 seconds.
  path: Assets/Cainos/Pixel Art Platformer - Village Props/Tileset Palette/TP Ground Darken/TX Tileset Ground Darken Slope X2 L 4.asset
  artifactKey: Guid(740f99afb7ff35841a8bf440e275acd9) Importer(815301076,1909f56bfc062723c751e8b465ee728b)
Start importing Assets/Cainos/Pixel Art Platformer - Village Props/Tileset Palette/TP Ground Darken/TX Tileset Ground Darken Slope X2 L 4.asset using Guid(740f99afb7ff35841a8bf440e275acd9) Importer(815301076,1909f56bfc062723c751e8b465ee728b)  -> (artifact id: '7c899ba9505b7a43a2fd75444c34c001') in 0.012482 seconds
  Import took 0.016403 seconds .

========================================================================
Received Import Request.
  Time since last request: 0.000376 seconds.
  path: Assets/Cainos/Pixel Art Platformer - Village Props/Tileset Palette/TP Ground Darken/TX Tileset Ground Darken C R.asset
  artifactKey: Guid(73ff3bb3a8ca70943a2ea71c31a5ab21) Importer(815301076,1909f56bfc062723c751e8b465ee728b)
Start importing Assets/Cainos/Pixel Art Platformer - Village Props/Tileset Palette/TP Ground Darken/TX Tileset Ground Darken C R.asset using Guid(73ff3bb3a8ca70943a2ea71c31a5ab21) Importer(815301076,1909f56bfc062723c751e8b465ee728b)  -> (artifact id: '2f13673941e780be7d675ca37236705b') in 0.011742 seconds
  Import took 0.016305 seconds .

========================================================================
Received Import Request.
  Time since last request: 0.000327 seconds.
  path: Assets/Cainos/Pixel Art Platformer - Village Props/Tileset Palette/TP Ground Darken/TX Tileset Ground Darken C BL.asset
  artifactKey: Guid(76cea99b4cba32441b73f1c00305f640) Importer(815301076,1909f56bfc062723c751e8b465ee728b)
Start importing Assets/Cainos/Pixel Art Platformer - Village Props/Tileset Palette/TP Ground Darken/TX Tileset Ground Darken C BL.asset using Guid(76cea99b4cba32441b73f1c00305f640) Importer(815301076,1909f56bfc062723c751e8b465ee728b)  -> (artifact id: '1e05d896b2175bb9d95e43047dd5cd34') in 0.011699 seconds
  Import took 0.015887 seconds .

========================================================================
Received Import Request.
  Time since last request: 0.000245 seconds.
  path: Assets/Cainos/Pixel Art Platformer - Village Props/Tileset Palette/TP Ground Darken/TX Tileset Ground Darken Slope X2 L 1.asset
  artifactKey: Guid(a3ca319545d544b4c8a8934870557d41) Importer(815301076,1909f56bfc062723c751e8b465ee728b)
Start importing Assets/Cainos/Pixel Art Platformer - Village Props/Tileset Palette/TP Ground Darken/TX Tileset Ground Darken Slope X2 L 1.asset using Guid(a3ca319545d544b4c8a8934870557d41) Importer(815301076,1909f56bfc062723c751e8b465ee728b)  -> (artifact id: '566c41d10506e1add5173091f91580bd') in 0.012309 seconds
  Import took 0.016465 seconds .

========================================================================
Received Import Request.
  Time since last request: 0.000250 seconds.
  path: Assets/Cainos/Pixel Art Platformer - Village Props/Tileset Palette/TP Ground Darken/TX Tileset Ground Darken C L.asset
  artifactKey: Guid(a36a794465e826449b1f38963ed245e9) Importer(815301076,1909f56bfc062723c751e8b465ee728b)
Start importing Assets/Cainos/Pixel Art Platformer - Village Props/Tileset Palette/TP Ground Darken/TX Tileset Ground Darken C L.asset using Guid(a36a794465e826449b1f38963ed245e9) Importer(815301076,1909f56bfc062723c751e8b465ee728b)  -> (artifact id: '62b8f95941e0bb9de12183b2f2ce7a3f') in 0.012245 seconds
  Import took 0.016220 seconds .

========================================================================
Received Import Request.
  Time since last request: 0.000201 seconds.
  path: Assets/Cainos/Pixel Art Platformer - Village Props/Tileset Palette/TP Ground Darken/TX Tileset Ground Darken C TL.asset
  artifactKey: Guid(98db5c1a1660fdd478bf9cd37af282d9) Importer(815301076,1909f56bfc062723c751e8b465ee728b)
Start importing Assets/Cainos/Pixel Art Platformer - Village Props/Tileset Palette/TP Ground Darken/TX Tileset Ground Darken C TL.asset using Guid(98db5c1a1660fdd478bf9cd37af282d9) Importer(815301076,1909f56bfc062723c751e8b465ee728b)  -> (artifact id: '0b0d17abf815ac151c67c6a1d060dfe6') in 0.012495 seconds
  Import took 0.016134 seconds .

========================================================================
Received Import Request.
  Time since last request: 0.000236 seconds.
  path: Assets/Cainos/Pixel Art Platformer - Village Props/Tileset Palette/TP Ground Darken/TX Tileset Ground Darken Col B.asset
  artifactKey: Guid(dae2532d28d98304299922149008a2bb) Importer(815301076,1909f56bfc062723c751e8b465ee728b)
Start importing Assets/Cainos/Pixel Art Platformer - Village Props/Tileset Palette/TP Ground Darken/TX Tileset Ground Darken Col B.asset using Guid(dae2532d28d98304299922149008a2bb) Importer(815301076,1909f56bfc062723c751e8b465ee728b)  -> (artifact id: '6c3bb46959881d8f6f8a2569f56399d0') in 0.011226 seconds
  Import took 0.039755 seconds .

========================================================================
Received Import Request.
  Time since last request: 0.000229 seconds.
  path: Assets/Cainos/Pixel Art Platformer - Village Props/Tileset Palette/TP Ground Darken/TX Tileset Ground Darken S.asset
  artifactKey: Guid(1b5a4b556d5541d4391a4cdb597a8a51) Importer(815301076,1909f56bfc062723c751e8b465ee728b)
Start importing Assets/Cainos/Pixel Art Platformer - Village Props/Tileset Palette/TP Ground Darken/TX Tileset Ground Darken S.asset using Guid(1b5a4b556d5541d4391a4cdb597a8a51) Importer(815301076,1909f56bfc062723c751e8b465ee728b)  -> (artifact id: 'bafb58cbd265129d9801387840912792') in 0.014176 seconds
  Import took 0.017660 seconds .

========================================================================
Received Import Request.
  Time since last request: 0.000254 seconds.
  path: Assets/Cainos/Pixel Art Platformer - Village Props/Tileset Palette/TP Ground Darken/TX Tileset Ground Darken Slope X2 R 3.asset
  artifactKey: Guid(46194387393705e41b326eb989b3c125) Importer(815301076,1909f56bfc062723c751e8b465ee728b)
Start importing Assets/Cainos/Pixel Art Platformer - Village Props/Tileset Palette/TP Ground Darken/TX Tileset Ground Darken Slope X2 R 3.asset using Guid(46194387393705e41b326eb989b3c125) Importer(815301076,1909f56bfc062723c751e8b465ee728b)  -> (artifact id: '35f39cf232b9cdc20ba5f17dd5636837') in 0.012863 seconds
  Import took 0.017258 seconds .

========================================================================
Received Import Request.
  Time since last request: 0.000230 seconds.
  path: Assets/Cainos/Pixel Art Platformer - Village Props/Tileset Palette/TP Ground Darken/TX Tileset Ground Darken Slope X1 L T.asset
  artifactKey: Guid(ee8ba4d11c1e64140b82b73847b08a8a) Importer(815301076,1909f56bfc062723c751e8b465ee728b)
Start importing Assets/Cainos/Pixel Art Platformer - Village Props/Tileset Palette/TP Ground Darken/TX Tileset Ground Darken Slope X1 L T.asset using Guid(ee8ba4d11c1e64140b82b73847b08a8a) Importer(815301076,1909f56bfc062723c751e8b465ee728b)  -> (artifact id: '48b443efeb1122b8f6dee88b4dd1e552') in 0.012719 seconds
  Import took 0.016605 seconds .

========================================================================
Received Import Request.
  Time since last request: 0.000378 seconds.
  path: Assets/Cainos/Pixel Art Platformer - Village Props/Tileset Palette/TP Ground Darken/TX Tileset Ground Darken Slope X1 R B.asset
  artifactKey: Guid(77f8a7c8975d48e4c882c5af70fb8259) Importer(815301076,1909f56bfc062723c751e8b465ee728b)
Start importing Assets/Cainos/Pixel Art Platformer - Village Props/Tileset Palette/TP Ground Darken/TX Tileset Ground Darken Slope X1 R B.asset using Guid(77f8a7c8975d48e4c882c5af70fb8259) Importer(815301076,1909f56bfc062723c751e8b465ee728b)  -> (artifact id: '008e6734247c6cd08d811ba09fa4c588') in 0.013389 seconds
  Import took 0.017659 seconds .

========================================================================
Received Import Request.
  Time since last request: 0.000309 seconds.
  path: Assets/Cainos/Pixel Art Platformer - Village Props/Tileset Palette/TP Ground Darken/TX Tileset Ground Darken Slope X2 R 2.asset
  artifactKey: Guid(f1b197e49dd029848956b99cd39beffc) Importer(815301076,1909f56bfc062723c751e8b465ee728b)
Start importing Assets/Cainos/Pixel Art Platformer - Village Props/Tileset Palette/TP Ground Darken/TX Tileset Ground Darken Slope X2 R 2.asset using Guid(f1b197e49dd029848956b99cd39beffc) Importer(815301076,1909f56bfc062723c751e8b465ee728b)  -> (artifact id: '7c3b7d4c586c0fde445ac0b1714d095a') in 0.011803 seconds
  Import took 0.016024 seconds .

========================================================================
Received Import Request.
  Time since last request: 0.000219 seconds.
  path: Assets/Cainos/Pixel Art Platformer - Village Props/Tileset Palette/TP Ground Darken/TX Tileset Ground Darken Slope X2 R 1.asset
  artifactKey: Guid(2ca2bc04a3688dc4ab41ad06bfc2445b) Importer(815301076,1909f56bfc062723c751e8b465ee728b)
Start importing Assets/Cainos/Pixel Art Platformer - Village Props/Tileset Palette/TP Ground Darken/TX Tileset Ground Darken Slope X2 R 1.asset using Guid(2ca2bc04a3688dc4ab41ad06bfc2445b) Importer(815301076,1909f56bfc062723c751e8b465ee728b)  -> (artifact id: 'b416de22e1bd6ff0c257b3091082ce4e') in 0.011860 seconds
  Import took 0.015892 seconds .

========================================================================
Received Import Request.
  Time since last request: 0.000240 seconds.
  path: Assets/Cainos/Pixel Art Platformer - Village Props/Tileset Palette/TP Ground Darken/TX Tileset Ground Darken TR.asset
  artifactKey: Guid(1c7a21ca0aaa9b94282b12f5a5709695) Importer(815301076,1909f56bfc062723c751e8b465ee728b)
Start importing Assets/Cainos/Pixel Art Platformer - Village Props/Tileset Palette/TP Ground Darken/TX Tileset Ground Darken TR.asset using Guid(1c7a21ca0aaa9b94282b12f5a5709695) Importer(815301076,1909f56bfc062723c751e8b465ee728b)  -> (artifact id: 'b7eed88988c1656dfc8162c2902550e2') in 0.011602 seconds
  Import took 0.028756 seconds .

========================================================================
Received Import Request.
  Time since last request: 0.000300 seconds.
  path: Assets/Cainos/Pixel Art Platformer - Village Props/Tileset Palette/TP Ground Darken/TX Tileset Ground Darken Col T.asset
  artifactKey: Guid(55b43c087af44f64588378eb5f5304d0) Importer(815301076,1909f56bfc062723c751e8b465ee728b)
Start importing Assets/Cainos/Pixel Art Platformer - Village Props/Tileset Palette/TP Ground Darken/TX Tileset Ground Darken Col T.asset using Guid(55b43c087af44f64588378eb5f5304d0) Importer(815301076,1909f56bfc062723c751e8b465ee728b)  -> (artifact id: 'f71edc725be23efc629161d5576a0c22') in 0.013156 seconds
  Import took 0.017261 seconds .

========================================================================
Received Import Request.
  Time since last request: 0.000272 seconds.
  path: Assets/Cainos/Pixel Art Platformer - Village Props/Tileset Palette/TP Ground Darken/TX Tileset Ground Darken Slope X2 L 3.asset
  artifactKey: Guid(cd69dadac56951c4cb33d79d0d99fbd8) Importer(815301076,1909f56bfc062723c751e8b465ee728b)
Start importing Assets/Cainos/Pixel Art Platformer - Village Props/Tileset Palette/TP Ground Darken/TX Tileset Ground Darken Slope X2 L 3.asset using Guid(cd69dadac56951c4cb33d79d0d99fbd8) Importer(815301076,1909f56bfc062723c751e8b465ee728b)  -> (artifact id: 'ef41a82cc298dbdb3e4fce067f82305b') in 0.012998 seconds
  Import took 0.016904 seconds .

========================================================================
Received Import Request.
  Time since last request: 0.000223 seconds.
  path: Assets/Cainos/Pixel Art Platformer - Village Props/Tileset Palette/TP Ground Darken/TX Tileset Ground Darken BL.asset
  artifactKey: Guid(04a5deedc6a0b614385e280ca3344d21) Importer(815301076,1909f56bfc062723c751e8b465ee728b)
Start importing Assets/Cainos/Pixel Art Platformer - Village Props/Tileset Palette/TP Ground Darken/TX Tileset Ground Darken BL.asset using Guid(04a5deedc6a0b614385e280ca3344d21) Importer(815301076,1909f56bfc062723c751e8b465ee728b)  -> (artifact id: '60a2c11091b0c38d13a0a13b5f819e57') in 0.011881 seconds
  Import took 0.015871 seconds .

========================================================================
Received Import Request.
  Time since last request: 0.000233 seconds.
  path: Assets/Cainos/Pixel Art Platformer - Village Props/Tileset Palette/TP Ground Darken/TX Tileset Ground Darken C BR.asset
  artifactKey: Guid(ffa1d554ba49dbc4a8aacb2c90fe4b5c) Importer(815301076,1909f56bfc062723c751e8b465ee728b)
Start importing Assets/Cainos/Pixel Art Platformer - Village Props/Tileset Palette/TP Ground Darken/TX Tileset Ground Darken C BR.asset using Guid(ffa1d554ba49dbc4a8aacb2c90fe4b5c) Importer(815301076,1909f56bfc062723c751e8b465ee728b)  -> (artifact id: '6d2c9159d3201f15d04db2a480f7e838') in 0.013019 seconds
  Import took 0.016971 seconds .

========================================================================
Received Import Request.
  Time since last request: 0.000258 seconds.
  path: Assets/Cainos/Pixel Art Platformer - Village Props/Tileset Palette/TP Ground Darken/TX Tileset Ground Darken C TR.asset
  artifactKey: Guid(03e01936ed1ce454a9c0b0dc184da554) Importer(815301076,1909f56bfc062723c751e8b465ee728b)
Start importing Assets/Cainos/Pixel Art Platformer - Village Props/Tileset Palette/TP Ground Darken/TX Tileset Ground Darken C TR.asset using Guid(03e01936ed1ce454a9c0b0dc184da554) Importer(815301076,1909f56bfc062723c751e8b465ee728b)  -> (artifact id: 'c09c1fc9e1e1d5f4efca0fd49583d898') in 0.012098 seconds
  Import took 0.015887 seconds .

========================================================================
Received Import Request.
  Time since last request: 0.000216 seconds.
  path: Assets/Cainos/Pixel Art Platformer - Village Props/Tileset Palette/TP Ground Darken/TX Tileset Ground Darken L.asset
  artifactKey: Guid(fdc8e2476ca7b07488d5c1819ad461dd) Importer(815301076,1909f56bfc062723c751e8b465ee728b)
Start importing Assets/Cainos/Pixel Art Platformer - Village Props/Tileset Palette/TP Ground Darken/TX Tileset Ground Darken L.asset using Guid(fdc8e2476ca7b07488d5c1819ad461dd) Importer(815301076,1909f56bfc062723c751e8b465ee728b)  -> (artifact id: '9162e4f38db519981d0f5dcc292bf54b') in 0.012171 seconds
  Import took 0.016109 seconds .

========================================================================
Received Import Request.
  Time since last request: 0.000222 seconds.
  path: Assets/Cainos/Pixel Art Platformer - Village Props/Tileset Palette/TP Ground Darken/TX Tileset Ground Darken R.asset
  artifactKey: Guid(a2482ba922cca67448818e25c7a26030) Importer(815301076,1909f56bfc062723c751e8b465ee728b)
Start importing Assets/Cainos/Pixel Art Platformer - Village Props/Tileset Palette/TP Ground Darken/TX Tileset Ground Darken R.asset using Guid(a2482ba922cca67448818e25c7a26030) Importer(815301076,1909f56bfc062723c751e8b465ee728b)  -> (artifact id: 'c40446fdfa23a63b78e42d2bf1ec5ddd') in 0.012551 seconds
  Import took 0.016371 seconds .

========================================================================
Received Import Request.
  Time since last request: 0.000223 seconds.
  path: Assets/Cainos/Pixel Art Platformer - Village Props/Tileset Palette/TP Ground Darken/TX Tileset Ground Darken Slope X2 L 2.asset
  artifactKey: Guid(95648a3f21b5cea4284a0025a3eebd56) Importer(815301076,1909f56bfc062723c751e8b465ee728b)
Start importing Assets/Cainos/Pixel Art Platformer - Village Props/Tileset Palette/TP Ground Darken/TX Tileset Ground Darken Slope X2 L 2.asset using Guid(95648a3f21b5cea4284a0025a3eebd56) Importer(815301076,1909f56bfc062723c751e8b465ee728b)  -> (artifact id: '52416f81988719437ed646b774f406ac') in 0.013056 seconds
  Import took 0.016890 seconds .

========================================================================
Received Prepare
Registering precompiled user dll's ...
Registered in 0.004177 seconds.
Begin MonoManager ReloadAssembly
Native extension for WindowsStandalone target not found
Refreshing native plugins compatible for Editor in 0.57 ms, found 3 plugins.
Preloading 0 native plugins for Editor in 0.00 ms.
Mono: successfully reloaded assembly
- Completed reload, in  1.239 seconds
Platform modules already initialized, skipping
Refreshing native plugins compatible for Editor in 0.83 ms, found 3 plugins.
Preloading 0 native plugins for Editor in 0.00 ms.
Unloading 2074 Unused Serialized files (Serialized files now loaded: 0)
System memory in use before: 96.2 MB.
System memory in use after: 96.3 MB.

Unloading 21 unused Assets to reduce memory usage. Loaded Objects now: 2762.
Total: 7.662000 ms (FindLiveObjects: 1.760500 ms CreateObjectMapping: 0.433300 ms MarkObjects: 5.276900 ms  DeleteObjects: 0.188600 ms)

AssetImportWorkerClient::OnTransportError - code=2 error=End of file
